Version: 1.6.12
Loading settings
Starting up
Loading text
Initializing Video
Video: 1280x720, windowed
Video Initialized
Renderer: OpenGL version 4.5 (GL_VERSION: 4.5.13399 Compatibility Profile Context 15.201.1001.0)
Creating FBO...
Starting audio library...
Audio Initialized!
Resource Preload: 8.732
Initializing animations...
Animations Initialized!
Loading Ship Blueprints....
Blueprints Loaded!
Initializing Sound Data....
Generating world...
Loading achievements...
Loading score file...
Running Game!
